Position:(40, 9)
Apple:(78, 3)
All Path:[(41, 9), (42, 9), (43, 9), (44, 9), (45, 9), (46, 9), (47, 9), (48, 9), (49, 9), (50, 9), (51, 9), (52, 9), (53, 9), (54, 9), (55, 9), (56, 9), (57, 9), (58, 9), (59, 9), (60, 9), (61, 9), (62, 9), (63, 9), (64, 9), (65, 9), (66, 9), (67, 9), (68, 9), (69, 9), (70, 9), (71, 9), (72, 9), (73, 9), (73, 8), (74, 8), (74, 7), (75, 7), (75, 6), (76, 6), (76, 5), (77, 5), (77, 4), (78, 4), (78, 3)]
Turn Path:[((73, 9), 'up'), ((73, 8), 'right'), ((74, 8), 'up'), ((74, 7), 'right'), ((75, 7), 'up'), ((75, 6), 'right'), ((76, 6), 'up'), ((76, 5), 'right'), ((77, 5), 'up'), ((77, 4), 'right'), ((78, 4), 'up')]

................................................................................
................................................................................
................................................................................
..............................................................................X.
.............................................................................XX.
............................................................................XX..
...........................................................................XX...
..........................................................................XX....
.........................................................................XX.....
........................................SXXXXXXXXXXXXXXXXXXXXXXXXXXXXXXXXX......
................................................................................
................................................................................
................................................................................
................................................................................
................................................................................
................................................................................
................................................................................
................................................................................
................................................................................
